app-android/build/intermediates/manifest_merge_blame_file/release/processReleaseMainManifest/manifest-merger-blame-release-report.txt
1<?xml version="1.0" encoding="utf-8"?>
2<manifest xmlns:android="http://schemas.android.com/apk/res/android"
3    package="com.dhanu.kurio"
4    android:versionCode="1"
5    android:versionName="1.0.0" >
6
7    <uses-sdk
8        android:minSdkVersion="26"
9        android:targetSdkVersion="35" />
10
11    <uses-permission android:name="android.permission.RECORD_AUDIO" />
11-->src/androidMain/AndroidManifest.xml:4:5-71
11-->src/androidMain/AndroidManifest.xml:4:22-68
12    <uses-permission android:name="android.permission.INTERNET" />
12-->src/androidMain/AndroidManifest.xml:5:5-67
12-->src/androidMain/AndroidManifest.xml:5:22-64
13    <uses-permission android:name="android.permission.ACCESS_NETWORK_STATE" />
13-->src/androidMain/AndroidManifest.xml:6:5-79
13-->src/androidMain/AndroidManifest.xml:6:22-76
14    <uses-permission android:name="android.permission.SYSTEM_ALERT_WINDOW" />
14-->src/androidMain/AndroidManifest.xml:7:5-78
14-->src/androidMain/AndroidManifest.xml:7:22-75
15    <uses-permission android:name="android.permission.FOREGROUND_SERVICE" />
15-->src/androidMain/AndroidManifest.xml:8:5-77
15-->src/androidMain/AndroidManifest.xml:8:22-74
16    <uses-permission android:name="android.permission.FOREGROUND_SERVICE_MICROPHONE" />
16-->src/androidMain/AndroidManifest.xml:9:5-88
16-->src/androidMain/AndroidManifest.xml:9:22-85
17    <uses-permission android:name="android.permission.POST_NOTIFICATIONS" />
17-->src/androidMain/AndroidManifest.xml:10:5-77
17-->src/androidMain/AndroidManifest.xml:10:22-74
18    <uses-permission android:name="android.permission.VIBRATE" />
18-->src/androidMain/AndroidManifest.xml:11:5-66
18-->src/androidMain/AndroidManifest.xml:11:22-63
19    <uses-permission
19-->src/androidMain/AndroidManifest.xml:12:5-13:38
20        android:name="android.permission.WRITE_EXTERNAL_STORAGE"
20-->src/androidMain/AndroidManifest.xml:12:22-78
21        android:maxSdkVersion="28" />
21-->src/androidMain/AndroidManifest.xml:13:9-35
22
23    <uses-feature
23-->src/androidMain/AndroidManifest.xml:15:5-88
24        android:name="android.hardware.microphone"
24-->src/androidMain/AndroidManifest.xml:15:19-61
25        android:required="true" />
25-->src/androidMain/AndroidManifest.xml:15:62-85
26
27    <permission
27-->[androidx.core:core:1.15.0] AndroidManifest.xml:22:5-24:47
28        android:name="com.dhanu.kurio.DYNAMIC_RECEIVER_NOT_EXPORTED_PERMISSION"
28-->[androidx.core:core:1.15.0] AndroidManifest.xml:23:9-81
29        android:protectionLevel="signature" />
29-->[androidx.core:core:1.15.0] AndroidManifest.xml:24:9-44
30
31    <uses-permission android:name="com.dhanu.kurio.DYNAMIC_RECEIVER_NOT_EXPORTED_PERMISSION" />
31-->[androidx.core:core:1.15.0] AndroidManifest.xml:26:5-97
31-->[androidx.core:core:1.15.0] AndroidManifest.xml:26:22-94
32
33    <application
33-->src/androidMain/AndroidManifest.xml:17:5-43:19
34        android:name="com.dhanu.kurio.KurioApplication"
34-->src/androidMain/AndroidManifest.xml:18:9-41
35        android:allowBackup="true"
35-->src/androidMain/AndroidManifest.xml:19:9-35
36        android:appComponentFactory="androidx.core.app.CoreComponentFactory"
36-->[androidx.core:core:1.15.0] AndroidManifest.xml:28:18-86
37        android:extractNativeLibs="false"
38        android:icon="@mipmap/ic_launcher"
38-->src/androidMain/AndroidManifest.xml:20:9-43
39        android:label="@string/app_name"
39-->src/androidMain/AndroidManifest.xml:21:9-41
40        android:networkSecurityConfig="@xml/network_security_config"
40-->src/androidMain/AndroidManifest.xml:25:9-69
41        android:roundIcon="@mipmap/ic_launcher_round"
41-->src/androidMain/AndroidManifest.xml:22:9-54
42        android:supportsRtl="true"
42-->src/androidMain/AndroidManifest.xml:23:9-35
43        android:theme="@style/Theme.Kurio" >
43-->src/androidMain/AndroidManifest.xml:24:9-43
44        <activity
44-->src/androidMain/AndroidManifest.xml:27:9-36:20
45            android:name="com.dhanu.kurio.MainActivity"
45-->src/androidMain/AndroidManifest.xml:28:13-41
46            android:exported="true"
46-->src/androidMain/AndroidManifest.xml:29:13-36
47            android:theme="@style/Theme.Kurio"
47-->src/androidMain/AndroidManifest.xml:30:13-47
48            android:windowSoftInputMode="adjustResize" >
48-->src/androidMain/AndroidManifest.xml:31:13-55
49            <intent-filter>
49-->src/androidMain/AndroidManifest.xml:32:13-35:29
50                <action android:name="android.intent.action.MAIN" />
50-->src/androidMain/AndroidManifest.xml:33:17-69
50-->src/androidMain/AndroidManifest.xml:33:25-66
51
52                <category android:name="android.intent.category.LAUNCHER" />
52-->src/androidMain/AndroidManifest.xml:34:17-77
52-->src/androidMain/AndroidManifest.xml:34:27-74
53            </intent-filter>
54        </activity>
55
56        <service
56-->src/androidMain/AndroidManifest.xml:38:9-41:40
57            android:name="com.dhanu.kurio.android.overlay.KurioOverlayService"
57-->src/androidMain/AndroidManifest.xml:39:13-79
58            android:exported="false"
58-->src/androidMain/AndroidManifest.xml:41:13-37
59            android:foregroundServiceType="microphone" />
59-->src/androidMain/AndroidManifest.xml:40:13-55
60
61        <provider
61-->[org.jetbrains.compose.components:components-resources-android:1.7.3] AndroidManifest.xml:8:9-13:20
62            android:name="org.jetbrains.compose.resources.AndroidContextProvider"
62-->[org.jetbrains.compose.components:components-resources-android:1.7.3] AndroidManifest.xml:9:13-82
63            android:authorities="com.dhanu.kurio.resources.AndroidContextProvider"
63-->[org.jetbrains.compose.components:components-resources-android:1.7.3] AndroidManifest.xml:10:13-84
64            android:enabled="true"
64-->[org.jetbrains.compose.components:components-resources-android:1.7.3] AndroidManifest.xml:11:13-35
65            android:exported="false" >
65-->[org.jetbrains.compose.components:components-resources-android:1.7.3] AndroidManifest.xml:12:13-37
66        </provider>
67
68        <service
68-->[androidx.room:room-runtime-android:2.7.0] AndroidManifest.xml:24:9-28:63
69            android:name="androidx.room.MultiInstanceInvalidationService"
69-->[androidx.room:room-runtime-android:2.7.0] AndroidManifest.xml:25:13-74
70            android:directBootAware="true"
70-->[androidx.room:room-runtime-android:2.7.0] AndroidManifest.xml:26:13-43
71            android:exported="false" />
71-->[androidx.room:room-runtime-android:2.7.0] AndroidManifest.xml:27:13-37
72
73        <provider
73-->[androidx.emoji2:emoji2:1.3.0] AndroidManifest.xml:24:9-32:20
74            android:name="androidx.startup.InitializationProvider"
74-->[androidx.emoji2:emoji2:1.3.0] AndroidManifest.xml:25:13-67
75            android:authorities="com.dhanu.kurio.androidx-startup"
75-->[androidx.emoji2:emoji2:1.3.0] AndroidManifest.xml:26:13-68
76            android:exported="false" >
76-->[androidx.emoji2:emoji2:1.3.0] AndroidManifest.xml:27:13-37
77            <meta-data
77-->[androidx.emoji2:emoji2:1.3.0] AndroidManifest.xml:29:13-31:52
78                android:name="androidx.emoji2.text.EmojiCompatInitializer"
78-->[androidx.emoji2:emoji2:1.3.0] AndroidManifest.xml:30:17-75
79                android:value="androidx.startup" />
79-->[androidx.emoji2:emoji2:1.3.0] AndroidManifest.xml:31:17-49
80            <meta-data
80-->[androidx.lifecycle:lifecycle-process:2.8.7] AndroidManifest.xml:29:13-31:52
81                android:name="androidx.lifecycle.ProcessLifecycleInitializer"
81-->[androidx.lifecycle:lifecycle-process:2.8.7] AndroidManifest.xml:30:17-78
82                android:value="androidx.startup" />
82-->[androidx.lifecycle:lifecycle-process:2.8.7] AndroidManifest.xml:31:17-49
83            <meta-data
83-->[androidx.profileinstaller:profileinstaller:1.3.1] AndroidManifest.xml:29:13-31:52
84                android:name="androidx.profileinstaller.ProfileInstallerInitializer"
84-->[androidx.profileinstaller:profileinstaller:1.3.1] AndroidManifest.xml:30:17-85
85                android:value="androidx.startup" />
85-->[androidx.profileinstaller:profileinstaller:1.3.1] AndroidManifest.xml:31:17-49
86        </provider>
87
88        <receiver
88-->[androidx.profileinstaller:profileinstaller:1.3.1] AndroidManifest.xml:34:9-52:20
89            android:name="androidx.profileinstaller.ProfileInstallReceiver"
89-->[androidx.profileinstaller:profileinstaller:1.3.1] AndroidManifest.xml:35:13-76
90            android:directBootAware="false"
90-->[androidx.profileinstaller:profileinstaller:1.3.1] AndroidManifest.xml:36:13-44
91            android:enabled="true"
91-->[androidx.profileinstaller:profileinstaller:1.3.1] AndroidManifest.xml:37:13-35
92            android:exported="true"
92-->[androidx.profileinstaller:profileinstaller:1.3.1] AndroidManifest.xml:38:13-36
93            android:permission="android.permission.DUMP" >
93-->[androidx.profileinstaller:profileinstaller:1.3.1] AndroidManifest.xml:39:13-57
94            <intent-filter>
94-->[androidx.profileinstaller:profileinstaller:1.3.1] AndroidManifest.xml:40:13-42:29
95                <action android:name="androidx.profileinstaller.action.INSTALL_PROFILE" />
95-->[androidx.profileinstaller:profileinstaller:1.3.1] AndroidManifest.xml:41:17-91
95-->[androidx.profileinstaller:profileinstaller:1.3.1] AndroidManifest.xml:41:25-88
96            </intent-filter>
97            <intent-filter>
97-->[androidx.profileinstaller:profileinstaller:1.3.1] AndroidManifest.xml:43:13-45:29
98                <action android:name="androidx.profileinstaller.action.SKIP_FILE" />
98-->[androidx.profileinstaller:profileinstaller:1.3.1] AndroidManifest.xml:44:17-85
98-->[androidx.profileinstaller:profileinstaller:1.3.1] AndroidManifest.xml:44:25-82
99            </intent-filter>
100            <intent-filter>
100-->[androidx.profileinstaller:profileinstaller:1.3.1] AndroidManifest.xml:46:13-48:29
101                <action android:name="androidx.profileinstaller.action.SAVE_PROFILE" />
101-->[androidx.profileinstaller:profileinstaller:1.3.1] AndroidManifest.xml:47:17-88
101-->[androidx.profileinstaller:profileinstaller:1.3.1] AndroidManifest.xml:47:25-85
102            </intent-filter>
103            <intent-filter>
103-->[androidx.profileinstaller:profileinstaller:1.3.1] AndroidManifest.xml:49:13-51:29
104                <action android:name="androidx.profileinstaller.action.BENCHMARK_OPERATION" />
104-->[androidx.profileinstaller:profileinstaller:1.3.1] AndroidManifest.xml:50:17-95
104-->[androidx.profileinstaller:profileinstaller:1.3.1] AndroidManifest.xml:50:25-92
105            </intent-filter>
106        </receiver>
107    </application>
108
109</manifest>